  WelcomeC.c
C:\Users\muham\source\repos\ProjectC\ProjectC\WelcomeC.c(20,13): warning C4477: 'scanf_s' : format string '%s' requires an argument of type 'char *', but variadic argument 1 has type 'char *(*)[50]'
C:\Users\muham\source\repos\ProjectC\ProjectC\WelcomeC.c(20,13): message : this argument is used by a conversion specifier
C:\Users\muham\source\repos\ProjectC\ProjectC\WelcomeC.c(20,13): warning C4473: 'scanf_s' : not enough arguments passed for format string
C:\Users\muham\source\repos\ProjectC\ProjectC\WelcomeC.c(20,13): message : placeholders and their parameters expect 2 variadic arguments, but 1 were provided
C:\Users\muham\source\repos\ProjectC\ProjectC\WelcomeC.c(20,13): message : the missing variadic argument 2 is required by format string '%s'
C:\Users\muham\source\repos\ProjectC\ProjectC\WelcomeC.c(20,13): message : this argument is used as a buffer size
C:\Users\muham\source\repos\ProjectC\ProjectC\WelcomeC.c(22,13): warning C4477: 'scanf_s' : format string '%s' requires an argument of type 'char *', but variadic argument 1 has type 'char *(*)[50]'
C:\Users\muham\source\repos\ProjectC\ProjectC\WelcomeC.c(22,13): message : this argument is used by a conversion specifier
C:\Users\muham\source\repos\ProjectC\ProjectC\WelcomeC.c(22,13): warning C4473: 'scanf_s' : not enough arguments passed for format string
C:\Users\muham\source\repos\ProjectC\ProjectC\WelcomeC.c(22,13): message : placeholders and their parameters expect 2 variadic arguments, but 1 were provided
C:\Users\muham\source\repos\ProjectC\ProjectC\WelcomeC.c(22,13): message : the missing variadic argument 2 is required by format string '%s'
C:\Users\muham\source\repos\ProjectC\ProjectC\WelcomeC.c(22,13): message : this argument is used as a buffer size
C:\Users\muham\source\repos\ProjectC\ProjectC\WelcomeC.c(28,9): error C4996: 'scanf': This function or variable may be unsafe. Consider using scanf_s instead. To disable deprecation, use _CRT_SECURE_NO_WARNINGS. See online help for details.
C:\Users\muham\source\repos\ProjectC\ProjectC\WelcomeC.c(44,37): warning C4047: 'function': 'const char *' differs in levels of indirection from 'char *[50]'
C:\Users\muham\source\repos\ProjectC\ProjectC\WelcomeC.c(44,28): warning C4024: 'strcmp': different types for formal and actual parameter 1
C:\Users\muham\source\repos\ProjectC\ProjectC\WelcomeC.c(44,81): warning C4047: 'function': 'const char *' differs in levels of indirection from 'char *[50]'
C:\Users\muham\source\repos\ProjectC\ProjectC\WelcomeC.c(44,72): warning C4024: 'strcmp': different types for formal and actual parameter 1
C:\Users\muham\source\repos\ProjectC\ProjectC\WelcomeC.c(72,21): warning C4473: 'scanf_s' : not enough arguments passed for format string
C:\Users\muham\source\repos\ProjectC\ProjectC\WelcomeC.c(72,21): message : placeholders and their parameters expect 2 variadic arguments, but 1 were provided
C:\Users\muham\source\repos\ProjectC\ProjectC\WelcomeC.c(72,21): message : the missing variadic argument 2 is required by format string '%c'
C:\Users\muham\source\repos\ProjectC\ProjectC\WelcomeC.c(72,21): message : this argument is used as a buffer size
C:\Users\muham\source\repos\ProjectC\ProjectC\WelcomeC.c(74,21): warning C4473: 'scanf_s' : not enough arguments passed for format string
C:\Users\muham\source\repos\ProjectC\ProjectC\WelcomeC.c(74,21): message : placeholders and their parameters expect 2 variadic arguments, but 1 were provided
C:\Users\muham\source\repos\ProjectC\ProjectC\WelcomeC.c(74,21): message : the missing variadic argument 2 is required by format string '%c'
C:\Users\muham\source\repos\ProjectC\ProjectC\WelcomeC.c(74,21): message : this argument is used as a buffer size
